<?xml version="1.0" encoding="UTF-8"?>
<testsuite xmlns:xsi="http://www.w3.org/2001/XMLSchema-instance" xsi:noNamespaceSchemaLocation="https://maven.apache.org/surefire/maven-surefire-plugin/xsd/surefire-test-report-3.0.xsd" version="3.0" name="pset1.SLListRepOkTester" time="0.289" tests="6" errors="0" skipped="0" failures="0">
  <properties>
[...]
</properties>
  <testcase name="t0" classname="pset1.SLListRepOkTester" time="0.02"/>
  <testcase name="t1" classname="pset1.SLListRepOkTester" time="0.005"/>
  <testcase name="t2" classname="pset1.SLListRepOkTester" time="0.0"/>
  <testcase name="t3" classname="pset1.SLListRepOkTester" time="0.001"/>
  <testcase name="t4" classname="pset1.SLListRepOkTester" time="0.0"/>
  <testcase name="t5" classname="pset1.SLListRepOkTester" time="0.0"/>
</testsuite>